DBMS Connected !!
2021-10-01 20:11:57 : 홈 페이지에 접속하였습니다!
2021-10-01 20:11:57 : 입찰공고 페이지에 접속하였습니다.
2021-10-01 20:11:57 : 입찰공고 페이지에 접속하였습니다.
SELECT * FROM post WHERE title LIKE ? OR content LIKE ?ORDER BYdateDESC
2021-10-01 20:11:59 : DB 오류 발생.
DBMS Connected !!
2021-10-01 20:12:23 : 홈 페이지에 접속하였습니다!
2021-10-01 20:12:23 : 홈 페이지에 접속하였습니다!
2021-10-01 20:12:25 : 입찰공고 페이지에 접속하였습니다.
2021-10-01 20:12:25 : 입찰공고 페이지에 접속하였습니다.
SELECT * FROM post WHERE title LIKE ? OR content LIKE ? ORDER BY date DESC
2021-10-01 20:12:37 : 입찰공고 페이지에 접속하였습니다.
2021-10-01 20:12:44 : 입찰공고 페이지에 접속하였습니다.
SELECT * FROM post WHERE title LIKE ? OR content LIKE ?
SELECT * FROM post WHERE title LIKE ? OR content LIKE ? ORDER BY date DESC
SELECT * FROM post WHERE title LIKE ? OR content LIKE ? ORDER BY deadline DESC
DBMS Connected !!
2021-10-01 20:13:59 : 홈 페이지에 접속하였습니다!
2021-10-01 20:13:59 : 입찰공고 페이지에 접속하였습니다.
2021-10-01 20:13:59 : 입찰공고 페이지에 접속하였습니다.
SELECT * FROM post WHERE title LIKE ? OR content LIKE ?
SELECT * FROM post WHERE title LIKE ? OR content LIKE ? ORDER BY deadline DESC
SELECT * FROM post WHERE title LIKE ? OR content LIKE ?
SELECT * FROM post WHERE title LIKE ? OR content LIKE ?
SELECT * FROM post WHERE title LIKE ? OR content LIKE ? ORDER BY date DESC
SELECT * FROM post WHERE title LIKE ? OR content LIKE ?
SELECT * FROM post WHERE title LIKE ? OR content LIKE ? ORDER BY date DESC
SELECT * FROM post WHERE title LIKE ? OR content LIKE ?
DBMS Connected !!
2021-10-01 20:17:08 : 홈 페이지에 접속하였습니다!
2021-10-01 20:17:09 : 입찰공고 페이지에 접속하였습니다.
2021-10-01 20:17:09 : 입찰공고 페이지에 접속하였습니다.
SELECT * FROM post WHERE title LIKE ? OR content LIKE ? ORDER BY deadline ASC
SELECT * FROM post WHERE title LIKE ? OR content LIKE ? ORDER BY deadline DESC
DBMS Connected !!
2021-10-01 20:22:47 : 홈 페이지에 접속하였습니다!
2021-10-01 20:22:47 : 홈 페이지에 접속하였습니다!
2021-10-01 20:22:50 : 입찰공고 페이지에 접속하였습니다.
2021-10-01 20:22:50 : 입찰공고 페이지에 접속하였습니다.
SELECT * FROM post WHERE (title LIKE ? OR content LIKE ?) AND category='물품' ORDER BY date DESC
SELECT * FROM post WHERE (title LIKE ? OR content LIKE ?) AND category='외자' ORDER BY deadline DESC
SELECT * FROM post WHERE (title LIKE ? OR content LIKE ?) AND category='용역' ORDER BY deadline ASC
SELECT * FROM post WHERE (title LIKE ? OR content LIKE ?) AND category='물품' ORDER BY deadline ASC
2021-10-01 20:24:21 : 입찰공고 페이지에 접속하였습니다.
2021-10-01 20:24:21 : 입찰공고 페이지에 접속하였습니다.
2021-10-01 20:24:22 : 입찰공고 페이지에 접속하였습니다.
2021-10-01 20:25:01 : 홈 페이지에 접속하였습니다!
2021-10-01 20:25:02 : true
2021-10-01 20:25:02 : 마이페이지에 접속하였습니다.
2021-10-01 20:25:02 : 입찰공고 페이지에 접속하였습니다.
2021-10-01 20:25:02 : 입찰공고 페이지에 접속하였습니다.
SELECT * FROM post WHERE (title LIKE ? OR content LIKE ?) ORDER BY date DESC
2021-10-01 20:25:06 : 입찰공고 페이지에 접속하였습니다.
2021-10-01 20:25:08 : 입찰공고 페이지에 접속하였습니다.
SELECT * FROM post WHERE (title LIKE ? OR content LIKE ?) ORDER BY date DESC
DBMS Connected !!
2021-10-01 20:28:05 : 홈 페이지에 접속하였습니다!
2021-10-01 20:28:05 : 홈 페이지에 접속하였습니다!
2021-10-01 20:28:07 : 입찰공고 페이지에 접속하였습니다.
2021-10-01 20:28:07 : 입찰공고 페이지에 접속하였습니다.
SELECT * FROM post WHERE (title LIKE ? OR content LIKE ?) ORDER BY date DESC
2021-10-01 20:28:34 : 홈 페이지에 접속하였습니다!
2021-10-01 20:28:35 : 입찰공고 페이지에 접속하였습니다.
2021-10-01 20:28:35 : 입찰공고 페이지에 접속하였습니다.
SELECT * FROM post WHERE (title LIKE ? OR content LIKE ?) ORDER BY date DESC
2021-10-01 20:29:06 : 입찰공고 페이지에 접속하였습니다.
2021-10-01 20:29:06 : 입찰공고 페이지에 접속하였습니다.
SELECT * FROM post WHERE (title LIKE ? OR content LIKE ?) ORDER BY date DESC
DBMS Connected !!
2021-10-01 20:29:46 : 홈 페이지에 접속하였습니다!
2021-10-01 20:29:46 : 입찰공고 페이지에 접속하였습니다.
2021-10-01 20:29:46 : 입찰공고 페이지에 접속하였습니다.
SELECT * FROM post WHERE (title LIKE ? OR content LIKE ?) AND category='물품' ORDER BY date DESC
SELECT * FROM post WHERE (title LIKE ? OR content LIKE ?) ORDER BY date DESC
2021-10-01 20:30:07 : 입찰공고 페이지에 접속하였습니다.
DBMS Connected !!
2021-10-01 20:37:53 : 홈 페이지에 접속하였습니다!
2021-10-01 20:37:53 : 홈 페이지에 접속하였습니다!
2021-10-01 20:37:56 : 입찰공고 페이지에 접속하였습니다.
2021-10-01 20:37:56 : 입찰공고 페이지에 접속하였습니다.
2021-10-01 20:37:57 : true
2021-10-01 20:37:57 : 마이페이지에 접속하였습니다.
DBMS Connected !!
2021-10-01 20:39:56 : 홈 페이지에 접속하였습니다!
2021-10-01 20:39:56 : 홈 페이지에 접속하였습니다!
2021-10-01 20:39:57 : true
2021-10-01 20:39:57 : 마이페이지에 접속하였습니다.
2021-10-01 20:40:59 : 홈 페이지에 접속하였습니다!
2021-10-01 20:40:59 : 홈 페이지에 접속하였습니다!
2021-10-01 20:41:01 : 로그아웃!
2021-10-01 20:41:02 : 홈 페이지에 접속하였습니다!
2021-10-01 20:41:02 : 로그인 페이지에 접속하였습니다.
2021-10-01 20:41:02 : false
2 test
1 test
4 test
3 test
2021-10-01 20:41:05 : 로그인 하였습니다!
2021-10-01 20:41:06 : 홈 페이지에 접속하였습니다!
2021-10-01 20:41:07 : 입찰공고 페이지에 접속하였습니다.
2021-10-01 20:41:07 : 입찰공고 페이지에 접속하였습니다.
2021-10-01 20:41:08 : true
2021-10-01 20:41:08 : 마이페이지에 접속하였습니다.
DBMS Connected !!
2021-10-01 20:41:44 : 홈 페이지에 접속하였습니다!
2021-10-01 20:41:44 : 홈 페이지에 접속하였습니다!
2021-10-01 20:41:45 : 마이페이지에 접속하였습니다.
2021-10-01 20:41:45 : true
DBMS Connected !!
2021-10-01 20:42:28 : 홈 페이지에 접속하였습니다!
2021-10-01 20:42:28 : 홈 페이지에 접속하였습니다!
2021-10-01 20:42:29 : true
2021-10-01 20:42:29 : 마이페이지에 접속하였습니다.
DBMS Connected !!
2021-10-01 20:44:02 : 홈 페이지에 접속하였습니다!
2021-10-01 20:44:02 : 홈 페이지에 접속하였습니다!
2021-10-01 20:44:03 : true
2021-10-01 20:44:03 : 마이페이지에 접속하였습니다.
DBMS Connected !!
2021-10-01 20:44:20 : 홈 페이지에 접속하였습니다!
2021-10-01 20:44:21 : true
2021-10-01 20:44:21 : 마이페이지에 접속하였습니다.
DBMS Connected !!
2021-10-01 20:45:38 : 홈 페이지에 접속하였습니다!
2021-10-01 20:45:38 : 홈 페이지에 접속하였습니다!
2021-10-01 20:45:40 : 입찰공고 페이지에 접속하였습니다.
2021-10-01 20:45:40 : 입찰공고 페이지에 접속하였습니다.
2021-10-01 20:45:41 : true
2021-10-01 20:45:41 : 마이페이지에 접속하였습니다.
DBMS Connected !!
2021-10-01 20:46:49 : 홈 페이지에 접속하였습니다!
2021-10-01 20:46:49 : true
2021-10-01 20:46:49 : 마이페이지에 접속하였습니다.
DBMS Connected !!
2021-10-01 20:47:06 : 홈 페이지에 접속하였습니다!
2021-10-01 20:47:06 : true
2021-10-01 20:47:06 : 마이페이지에 접속하였습니다.
2021-10-01 20:47:50 : true
2021-10-01 20:47:50 : 마이페이지에 접속하였습니다.
2021-10-01 20:48:16 : true
2021-10-01 20:48:16 : 마이페이지에 접속하였습니다.
2021-10-01 20:48:35 : true
2021-10-01 20:48:35 : 마이페이지에 접속하였습니다.
2021-10-01 20:48:51 : true
2021-10-01 20:48:51 : 마이페이지에 접속하였습니다.
2021-10-01 20:50:37 : true
2021-10-01 20:50:37 : 마이페이지에 접속하였습니다.
2021-10-01 20:50:48 : true
2021-10-01 20:50:48 : 마이페이지에 접속하였습니다.
2021-10-01 20:51:08 : 마이페이지에 접속하였습니다.
2021-10-01 20:51:08 : true
2021-10-01 20:51:19 : true
2021-10-01 20:51:19 : 마이페이지에 접속하였습니다.
2021-10-01 20:51:20 : true
2021-10-01 20:51:20 : 마이페이지에 접속하였습니다.
2021-10-01 20:51:21 : true
2021-10-01 20:51:21 : 마이페이지에 접속하였습니다.
2021-10-01 20:51:21 : 마이페이지에 접속하였습니다.
2021-10-01 20:51:21 : true
2021-10-01 20:51:27 : true
2021-10-01 20:51:27 : 마이페이지에 접속하였습니다.
2021-10-01 20:51:43 : true
2021-10-01 20:51:43 : 마이페이지에 접속하였습니다.
2021-10-01 20:51:51 : true
2021-10-01 20:51:51 : 마이페이지에 접속하였습니다.
2021-10-01 20:52:15 : true
2021-10-01 20:52:15 : 마이페이지에 접속하였습니다.
2021-10-01 20:52:15 : true
2021-10-01 20:52:15 : 마이페이지에 접속하였습니다.
2021-10-01 20:52:35 : 마이페이지에 접속하였습니다.
2021-10-01 20:52:35 : true
2021-10-01 20:52:41 : true
2021-10-01 20:52:41 : 마이페이지에 접속하였습니다.
2021-10-01 20:52:54 : true
2021-10-01 20:52:54 : 마이페이지에 접속하였습니다.
2021-10-01 20:53:00 : true
2021-10-01 20:53:00 : 마이페이지에 접속하였습니다.
2021-10-01 20:53:09 : true
2021-10-01 20:53:09 : 마이페이지에 접속하였습니다.
2021-10-01 20:53:50 : true
2021-10-01 20:53:50 : 마이페이지에 접속하였습니다.
2021-10-01 20:53:55 : 로그아웃!
2021-10-01 20:53:56 : 홈 페이지에 접속하였습니다!
2021-10-01 20:53:57 : 로그인 페이지에 접속하였습니다.
2021-10-01 20:53:57 : false
2021-10-01 20:53:59 : 입찰공고 페이지에 접속하였습니다.
2021-10-01 20:53:59 : 입찰공고 페이지에 접속하였습니다.
2021-10-01 20:54:01 : 입찰공고 페이지에 접속하였습니다.
2021-10-01 20:54:03 : 입찰공고 페이지에 접속하였습니다.
2021-10-01 20:54:07 : 로그아웃!
2021-10-01 20:54:07 : 홈 페이지에 접속하였습니다!
2021-10-01 20:54:08 : 로그인 페이지에 접속하였습니다.
2021-10-01 20:54:08 : false
1 root
2 root
2021-10-01 20:54:13 : 로그인 하였습니다!
3 root
4 root
2021-10-01 20:54:14 : 홈 페이지에 접속하였습니다!
2021-10-01 20:54:15 : 입찰공고 페이지에 접속하였습니다.
2021-10-01 20:54:15 : 입찰공고 페이지에 접속하였습니다.
2021-10-01 20:54:17 : true
2021-10-01 20:54:17 : 마이페이지에 접속하였습니다.
2021-10-01 20:54:18 : 입찰공고 페이지에 접속하였습니다.
2021-10-01 20:54:18 : 입찰공고 페이지에 접속하였습니다.
2021-10-01 20:54:19 : 공고 작성 페이지에 접속하였습니다.
2021-10-01 20:54:30 : 입찰공고 페이지에 접속하였습니다.
2021-10-01 20:54:30 : 입찰공고 페이지에 접속하였습니다.
2021-10-01 20:54:32 : 공고 작성 페이지에 접속하였습니다.
2021-10-01 20:54:44 : 입찰공고 페이지에 접속하였습니다.
2021-10-01 20:54:44 : 입찰공고 페이지에 접속하였습니다.
2021-10-01 20:54:48 : 입찰공고 페이지에 접속하였습니다.
SELECT * FROM post WHERE (title LIKE ? OR content LIKE ?) AND category='공사'
SELECT * FROM post WHERE (title LIKE ? OR content LIKE ?) AND category='공사'
2021-10-01 20:55:03 : 홈 페이지에 접속하였습니다!
2021-10-01 20:55:04 : 마이페이지에 접속하였습니다.
2021-10-01 20:55:04 : true
2021-10-01 20:55:15 : true
2021-10-01 20:55:15 : 마이페이지에 접속하였습니다.
2021-10-01 20:56:40 : 홈 페이지에 접속하였습니다!
2021-10-01 20:56:56 : true
2021-10-01 20:56:56 : 마이페이지에 접속하였습니다.
DBMS Connected !!
2021-10-01 20:58:29 : 홈 페이지에 접속하였습니다!
2021-10-01 20:58:29 : 마이페이지에 접속하였습니다.
2021-10-01 20:58:29 : true
2021-10-01 20:58:36 : 홈 페이지에 접속하였습니다!
2021-10-01 20:59:45 : true
2021-10-01 20:59:45 : 마이페이지에 접속하였습니다.
DBMS Connected !!
2021-10-01 21:00:00 : 홈 페이지에 접속하였습니다!
2021-10-01 21:00:01 : true
2021-10-01 21:00:01 : 마이페이지에 접속하였습니다.
2021-10-01 21:00:33 : true
2021-10-01 21:00:33 : 마이페이지에 접속하였습니다.
2021-10-01 21:00:35 : 로그아웃!
2021-10-01 21:00:35 : 홈 페이지에 접속하였습니다!
2021-10-01 21:00:37 : false
2021-10-01 21:00:37 : 로그인 페이지에 접속하였습니다.
1 test
2 test
4 test
2021-10-01 21:00:39 : 로그인 하였습니다!
3 test
2021-10-01 21:00:40 : 홈 페이지에 접속하였습니다!
2021-10-01 21:00:40 : true
2021-10-01 21:00:40 : 마이페이지에 접속하였습니다.
2021-10-01 21:00:47 : 로그아웃!
2021-10-01 21:00:47 : 홈 페이지에 접속하였습니다!
2021-10-01 21:00:48 : false
2021-10-01 21:00:48 : 로그인 페이지에 접속하였습니다.
1 root
2 root
4 root
2021-10-01 21:00:52 : 로그인 하였습니다!
3 root
2021-10-01 21:00:53 : 홈 페이지에 접속하였습니다!
2021-10-01 21:00:54 : true
2021-10-01 21:00:54 : 마이페이지에 접속하였습니다.
2021-10-01 21:01:01 : true
2021-10-01 21:01:01 : 마이페이지에 접속하였습니다.
2021-10-01 21:01:01 : true
2021-10-01 21:01:01 : 마이페이지에 접속하였습니다.
2021-10-01 21:01:24 : true
2021-10-01 21:01:24 : 마이페이지에 접속하였습니다.
DBMS Connected !!
2021-10-01 21:01:38 : 홈 페이지에 접속하였습니다!
2021-10-01 21:01:38 : 홈 페이지에 접속하였습니다!
2021-10-01 21:01:40 : true
2021-10-01 21:01:40 : 마이페이지에 접속하였습니다.
2021-10-01 21:01:43 : 로그아웃!
2021-10-01 21:01:44 : 홈 페이지에 접속하였습니다!
2021-10-01 21:01:45 : 허가받지 않은 사용자가 마이페이지에 접속하였습니다.
2021-10-01 21:01:45 : false
2021-10-01 21:01:46 : 로그인 페이지에 접속하였습니다.
2021-10-01 21:01:46 : false
2 root
1 root
2021-10-01 21:01:49 : 로그인 하였습니다!
3 root
4 root
2021-10-01 21:01:51 : 홈 페이지에 접속하였습니다!
2021-10-01 21:01:52 : true
2021-10-01 21:01:52 : 마이페이지에 접속하였습니다.
DBMS Connected !!
2021-10-01 21:02:23 : 홈 페이지에 접속하였습니다!
2021-10-01 21:02:23 : 홈 페이지에 접속하였습니다!
2021-10-01 21:02:25 : true
2021-10-01 21:02:25 : 마이페이지에 접속하였습니다.
2021-10-01 21:02:29 : true
2021-10-01 21:02:29 : 마이페이지에 접속하였습니다.
